
**** Clean-only build of configuration Debug for project Lab4_BlinkLED ****

"C:\\ti\\ccs740\\ccsv7\\utils\\bin\\gmake" -k -j 4 clean -O 
 
DEL /F  "Lab4_BlinkLED.hex"  "Lab4_BlinkLED.out" 
DEL /F "main - BlinkingLED.obj" "system_msp432p401r.obj" "ccs\startup_msp432p401r_ccs.obj" 
DEL /F "main - BlinkingLED.d" "system_msp432p401r.d" "ccs\startup_msp432p401r_ccs.d" 
'Finished clean'
 

**** Build Finished ****

**** Build of configuration Debug for project Lab4_BlinkLED ****

"C:\\ti\\ccs740\\ccsv7\\utils\\bin\\gmake" -k -j 4 all -O 
 
'Building file: "../ccs/startup_msp432p401r_ccs.c"'
'Invoking: ARM Compiler'
"C:/ti/ccs740/ccsv7/tools/compiler/ti-cgt-arm_16.9.6.LTS/bin/armcl" -mv7M4 --code_state=16 --float_support=FPv4SPD16 -me --include_path="C:/Cx1106/Labs/Lab4/Lab4_BlinkLED" --include_path="C:/ti/simplelink_msp432p4_sdk_2_20_00_12/source" --include_path="C:/ti/simplelink_msp432p4_sdk_2_20_00_12/source/third_party/CMSIS/Include" --include_path="C:/ti/ccs740/ccsv7/tools/compiler/ti-cgt-arm_16.9.6.LTS/include" --advice:power=none --define=__MSP432P401R__ --define=DeviceFamily_MSP432P401x -g --diag_warning=225 --diag_warning=255 --diag_wrap=off --display_error_number --gen_func_subsections=on --preproc_with_compile --preproc_dependency="ccs/startup_msp432p401r_ccs.d_raw" --obj_directory="ccs"  "../ccs/startup_msp432p401r_ccs.c"
'Finished building: "../ccs/startup_msp432p401r_ccs.c"'
 
'Building file: "../main - BlinkingLED.c"'
'Invoking: ARM Compiler'
"C:/ti/ccs740/ccsv7/tools/compiler/ti-cgt-arm_16.9.6.LTS/bin/armcl" -mv7M4 --code_state=16 --float_support=FPv4SPD16 -me --include_path="C:/Cx1106/Labs/Lab4/Lab4_BlinkLED" --include_path="C:/ti/simplelink_msp432p4_sdk_2_20_00_12/source" --include_path="C:/ti/simplelink_msp432p4_sdk_2_20_00_12/source/third_party/CMSIS/Include" --include_path="C:/ti/ccs740/ccsv7/tools/compiler/ti-cgt-arm_16.9.6.LTS/include" --advice:power=none --define=__MSP432P401R__ --define=DeviceFamily_MSP432P401x -g --diag_warning=225 --diag_warning=255 --diag_wrap=off --display_error_number --gen_func_subsections=on --preproc_with_compile --preproc_dependency="main - BlinkingLED.d_raw"  "../main - BlinkingLED.c"
'Finished building: "../main - BlinkingLED.c"'
 
'Building file: "../system_msp432p401r.c"'
'Invoking: ARM Compiler'
"C:/ti/ccs740/ccsv7/tools/compiler/ti-cgt-arm_16.9.6.LTS/bin/armcl" -mv7M4 --code_state=16 --float_support=FPv4SPD16 -me --include_path="C:/Cx1106/Labs/Lab4/Lab4_BlinkLED" --include_path="C:/ti/simplelink_msp432p4_sdk_2_20_00_12/source" --include_path="C:/ti/simplelink_msp432p4_sdk_2_20_00_12/source/third_party/CMSIS/Include" --include_path="C:/ti/ccs740/ccsv7/tools/compiler/ti-cgt-arm_16.9.6.LTS/include" --advice:power=none --define=__MSP432P401R__ --define=DeviceFamily_MSP432P401x -g --diag_warning=225 --diag_warning=255 --diag_wrap=off --display_error_number --gen_func_subsections=on --preproc_with_compile --preproc_dependency="system_msp432p401r.d_raw"  "../system_msp432p401r.c"
'Finished building: "../system_msp432p401r.c"'
 
'Building target: "Lab4_BlinkLED.out"'
'Invoking: ARM Linker'
"C:/ti/ccs740/ccsv7/tools/compiler/ti-cgt-arm_16.9.6.LTS/bin/armcl" -mv7M4 --code_state=16 --float_support=FPv4SPD16 -me --advice:power=none --define=__MSP432P401R__ --define=DeviceFamily_MSP432P401x -g --diag_warning=225 --diag_warning=255 --diag_wrap=off --display_error_number --gen_func_subsections=on -z -m"Lab4_BlinkLED.map" --stack_size=512 -i"C:/ti/simplelink_msp432p4_sdk_2_20_00_12/source" -i"C:/ti/ccs740/ccsv7/tools/compiler/ti-cgt-arm_16.9.6.LTS/lib" --diag_wrap=off --display_error_number --warn_sections --xml_link_info="Lab4_BlinkLED_linkInfo.xml" --rom_model -o "Lab4_BlinkLED.out" "./main - BlinkingLED.obj" "./system_msp432p401r.obj" "./ccs/startup_msp432p401r_ccs.obj" "../msp432p401r.cmd"  -l"ti/display/lib/display.aem4f" -l"ti/grlib/lib/ccs/m4f/grlib.a" -l"third_party/spiffs/lib/ccs/m4f/spiffs.a" -l"ti/drivers/lib/drivers_msp432p401x.aem4f" -l"third_party/fatfs/lib/ccs/m4f/fatfs.a" -l"ti/devices/msp432p4xx/driverlib/ccs/msp432p4xx_driverlib.lib" -llibc.a 
<Linking>
'Finished building target: "Lab4_BlinkLED.out"'
 

**** Build Finished ****

**** Clean-only build of configuration Debug for project Lab4_BlinkLED - Interrupts ****

"C:\\ti\\ccs740\\ccsv7\\utils\\bin\\gmake" -k -j 4 clean -O 
 
DEL /F  "Lab4_BlinkLED - Interrupts.hex"  "Lab4_BlinkLED - Interrupts.out" 
DEL /F "main-Interrupt.obj" "system_msp432p401r.obj" "ccs\startup_msp432p401r_ccs.obj" 
DEL /F "main-Interrupt.d" "system_msp432p401r.d" "ccs\startup_msp432p401r_ccs.d" 
'Finished clean'
 

**** Build Finished ****

**** Clean-only build of configuration Debug for project Lab4_BlinkLED - Interrupts ****

"C:\\ti\\ccs740\\ccsv7\\utils\\bin\\gmake" -k -j 4 clean -O 
 
DEL /F  "Lab4_BlinkLED - Interrupts.hex"  "Lab4_BlinkLED - Interrupts.out" 
DEL /F "main-Interrupt.obj" "system_msp432p401r.obj" "ccs\startup_msp432p401r_ccs.obj" 
DEL /F "main-Interrupt.d" "system_msp432p401r.d" "ccs\startup_msp432p401r_ccs.d" 
Could Not Find C:\Cx1106\Labs\Lab4\Lab4_BlinkLED - Interrupts\Debug\Lab4_BlinkLED - Interrupts.hex
Could Not Find C:\Cx1106\Labs\Lab4\Lab4_BlinkLED - Interrupts\Debug\main-Interrupt.obj
Could Not Find C:\Cx1106\Labs\Lab4\Lab4_BlinkLED - Interrupts\Debug\ccs\startup_msp432p401r_ccs.obj
Could Not Find C:\Cx1106\Labs\Lab4\Lab4_BlinkLED - Interrupts\Debug\main-Interrupt.d
Could Not Find C:\Cx1106\Labs\Lab4\Lab4_BlinkLED - Interrupts\Debug\ccs\startup_msp432p401r_ccs.d
'Finished clean'
 

**** Build Finished ****

**** Build of configuration Debug for project Lab4_BlinkLED - Interrupts ****

"C:\\ti\\ccs740\\ccsv7\\utils\\bin\\gmake" -k -j 4 all -O 
 
'Building file: "../ccs/startup_msp432p401r_ccs.c"'
'Invoking: ARM Compiler'
"C:/ti/ccs740/ccsv7/tools/compiler/ti-cgt-arm_16.9.6.LTS/bin/armcl" -mv7M4 --code_state=16 --float_support=FPv4SPD16 -me --include_path="C:/Cx1106/Labs/Lab4/Lab4_BlinkLED - Interrupts" --include_path="C:/ti/simplelink_msp432p4_sdk_2_20_00_12/source" --include_path="C:/ti/simplelink_msp432p4_sdk_2_20_00_12/source/third_party/CMSIS/Include" --include_path="C:/ti/ccs740/ccsv7/tools/compiler/ti-cgt-arm_16.9.6.LTS/include" --advice:power=none --define=__MSP432P401R__ --define=DeviceFamily_MSP432P401x -g --diag_warning=225 --diag_warning=255 --diag_wrap=off --display_error_number --gen_func_subsections=on --preproc_with_compile --preproc_dependency="ccs/startup_msp432p401r_ccs.d_raw" --obj_directory="ccs"  "../ccs/startup_msp432p401r_ccs.c"
'Finished building: "../ccs/startup_msp432p401r_ccs.c"'
 
'Building file: "../system_msp432p401r.c"'
'Invoking: ARM Compiler'
"C:/ti/ccs740/ccsv7/tools/compiler/ti-cgt-arm_16.9.6.LTS/bin/armcl" -mv7M4 --code_state=16 --float_support=FPv4SPD16 -me --include_path="C:/Cx1106/Labs/Lab4/Lab4_BlinkLED - Interrupts" --include_path="C:/ti/simplelink_msp432p4_sdk_2_20_00_12/source" --include_path="C:/ti/simplelink_msp432p4_sdk_2_20_00_12/source/third_party/CMSIS/Include" --include_path="C:/ti/ccs740/ccsv7/tools/compiler/ti-cgt-arm_16.9.6.LTS/include" --advice:power=none --define=__MSP432P401R__ --define=DeviceFamily_MSP432P401x -g --diag_warning=225 --diag_warning=255 --diag_wrap=off --display_error_number --gen_func_subsections=on --preproc_with_compile --preproc_dependency="system_msp432p401r.d_raw"  "../system_msp432p401r.c"
'Finished building: "../system_msp432p401r.c"'
 
'Building file: "../main-Interrupt.c"'
'Invoking: ARM Compiler'
"C:/ti/ccs740/ccsv7/tools/compiler/ti-cgt-arm_16.9.6.LTS/bin/armcl" -mv7M4 --code_state=16 --float_support=FPv4SPD16 -me --include_path="C:/Cx1106/Labs/Lab4/Lab4_BlinkLED - Interrupts" --include_path="C:/ti/simplelink_msp432p4_sdk_2_20_00_12/source" --include_path="C:/ti/simplelink_msp432p4_sdk_2_20_00_12/source/third_party/CMSIS/Include" --include_path="C:/ti/ccs740/ccsv7/tools/compiler/ti-cgt-arm_16.9.6.LTS/include" --advice:power=none --define=__MSP432P401R__ --define=DeviceFamily_MSP432P401x -g --diag_warning=225 --diag_warning=255 --diag_wrap=off --display_error_number --gen_func_subsections=on --preproc_with_compile --preproc_dependency="main-Interrupt.d_raw"  "../main-Interrupt.c"
'Finished building: "../main-Interrupt.c"'
 
'Building target: "Lab4_BlinkLED - Interrupts.out"'
'Invoking: ARM Linker'
"C:/ti/ccs740/ccsv7/tools/compiler/ti-cgt-arm_16.9.6.LTS/bin/armcl" -mv7M4 --code_state=16 --float_support=FPv4SPD16 -me --advice:power=none --define=__MSP432P401R__ --define=DeviceFamily_MSP432P401x -g --diag_warning=225 --diag_warning=255 --diag_wrap=off --display_error_number --gen_func_subsections=on -z -m"Lab4_BlinkLED - Interrupts.map" --stack_size=512 -i"C:/ti/simplelink_msp432p4_sdk_2_20_00_12/source" -i"C:/ti/ccs740/ccsv7/tools/compiler/ti-cgt-arm_16.9.6.LTS/lib" --diag_wrap=off --display_error_number --warn_sections --xml_link_info="Lab4_BlinkLED - Interrupts_linkInfo.xml" --rom_model -o "Lab4_BlinkLED - Interrupts.out" "./main-Interrupt.obj" "./system_msp432p401r.obj" "./ccs/startup_msp432p401r_ccs.obj" "../msp432p401r.cmd"  -l"ti/display/lib/display.aem4f" -l"ti/grlib/lib/ccs/m4f/grlib.a" -l"third_party/spiffs/lib/ccs/m4f/spiffs.a" -l"ti/drivers/lib/drivers_msp432p401x.aem4f" -l"third_party/fatfs/lib/ccs/m4f/fatfs.a" -l"ti/devices/msp432p4xx/driverlib/ccs/msp432p4xx_driverlib.lib" -llibc.a 
<Linking>
'Finished building target: "Lab4_BlinkLED - Interrupts.out"'
 

**** Build Finished ****

**** Build of configuration Debug for project Lab4_BlinkLED - Interrupts ****

"C:\\ti\\ccs740\\ccsv7\\utils\\bin\\gmake" -k -j 4 all -O 
 
gmake[1]: 'Lab4_BlinkLED - Interrupts.out' is up to date.

**** Build Finished ****

**** Clean-only build of configuration Debug for project Lab4_BlinkLED - Polling ****

"C:\\ti\\ccs740\\ccsv7\\utils\\bin\\gmake" -k -j 4 clean -O 
 
DEL /F  "Lab4_BlinkLED - Polling.hex"  "Lab4_BlinkLED - Polling.out" 
DEL /F "main-Polling.obj" "system_msp432p401r.obj" "ccs\startup_msp432p401r_ccs.obj" 
DEL /F "main-Polling.d" "system_msp432p401r.d" "ccs\startup_msp432p401r_ccs.d" 
'Finished clean'
 

**** Build Finished ****

**** Build of configuration Debug for project Lab4_BlinkLED - Polling ****

"C:\\ti\\ccs740\\ccsv7\\utils\\bin\\gmake" -k -j 4 all -O 
 
'Building file: "../ccs/startup_msp432p401r_ccs.c"'
'Invoking: ARM Compiler'
"C:/ti/ccs740/ccsv7/tools/compiler/ti-cgt-arm_16.9.6.LTS/bin/armcl" -mv7M4 --code_state=16 --float_support=FPv4SPD16 -me --include_path="C:/Cx1106/Labs/Lab4/Lab4_BlinkLED - Polling" --include_path="C:/ti/simplelink_msp432p4_sdk_2_20_00_12/source" --include_path="C:/ti/simplelink_msp432p4_sdk_2_20_00_12/source/third_party/CMSIS/Include" --include_path="C:/ti/ccs740/ccsv7/tools/compiler/ti-cgt-arm_16.9.6.LTS/include" --advice:power=none --define=__MSP432P401R__ --define=DeviceFamily_MSP432P401x -g --diag_warning=225 --diag_warning=255 --diag_wrap=off --display_error_number --gen_func_subsections=on --preproc_with_compile --preproc_dependency="ccs/startup_msp432p401r_ccs.d_raw" --obj_directory="ccs"  "../ccs/startup_msp432p401r_ccs.c"
'Finished building: "../ccs/startup_msp432p401r_ccs.c"'
 
'Building file: "../main-Polling.c"'
'Invoking: ARM Compiler'
"C:/ti/ccs740/ccsv7/tools/compiler/ti-cgt-arm_16.9.6.LTS/bin/armcl" -mv7M4 --code_state=16 --float_support=FPv4SPD16 -me --include_path="C:/Cx1106/Labs/Lab4/Lab4_BlinkLED - Polling" --include_path="C:/ti/simplelink_msp432p4_sdk_2_20_00_12/source" --include_path="C:/ti/simplelink_msp432p4_sdk_2_20_00_12/source/third_party/CMSIS/Include" --include_path="C:/ti/ccs740/ccsv7/tools/compiler/ti-cgt-arm_16.9.6.LTS/include" --advice:power=none --define=__MSP432P401R__ --define=DeviceFamily_MSP432P401x -g --diag_warning=225 --diag_warning=255 --diag_wrap=off --display_error_number --gen_func_subsections=on --preproc_with_compile --preproc_dependency="main-Polling.d_raw"  "../main-Polling.c"
'Finished building: "../main-Polling.c"'
 
'Building file: "../system_msp432p401r.c"'
'Invoking: ARM Compiler'
"C:/ti/ccs740/ccsv7/tools/compiler/ti-cgt-arm_16.9.6.LTS/bin/armcl" -mv7M4 --code_state=16 --float_support=FPv4SPD16 -me --include_path="C:/Cx1106/Labs/Lab4/Lab4_BlinkLED - Polling" --include_path="C:/ti/simplelink_msp432p4_sdk_2_20_00_12/source" --include_path="C:/ti/simplelink_msp432p4_sdk_2_20_00_12/source/third_party/CMSIS/Include" --include_path="C:/ti/ccs740/ccsv7/tools/compiler/ti-cgt-arm_16.9.6.LTS/include" --advice:power=none --define=__MSP432P401R__ --define=DeviceFamily_MSP432P401x -g --diag_warning=225 --diag_warning=255 --diag_wrap=off --display_error_number --gen_func_subsections=on --preproc_with_compile --preproc_dependency="system_msp432p401r.d_raw"  "../system_msp432p401r.c"
'Finished building: "../system_msp432p401r.c"'
 
'Building target: "Lab4_BlinkLED - Polling.out"'
'Invoking: ARM Linker'
"C:/ti/ccs740/ccsv7/tools/compiler/ti-cgt-arm_16.9.6.LTS/bin/armcl" -mv7M4 --code_state=16 --float_support=FPv4SPD16 -me --advice:power=none --define=__MSP432P401R__ --define=DeviceFamily_MSP432P401x -g --diag_warning=225 --diag_warning=255 --diag_wrap=off --display_error_number --gen_func_subsections=on -z -m"Lab4_BlinkLED - Polling.map" --stack_size=512 -i"C:/ti/simplelink_msp432p4_sdk_2_20_00_12/source" -i"C:/ti/ccs740/ccsv7/tools/compiler/ti-cgt-arm_16.9.6.LTS/lib" --diag_wrap=off --display_error_number --warn_sections --xml_link_info="Lab4_BlinkLED - Polling_linkInfo.xml" --rom_model -o "Lab4_BlinkLED - Polling.out" "./main-Polling.obj" "./system_msp432p401r.obj" "./ccs/startup_msp432p401r_ccs.obj" "../msp432p401r.cmd"  -l"ti/display/lib/display.aem4f" -l"ti/grlib/lib/ccs/m4f/grlib.a" -l"third_party/spiffs/lib/ccs/m4f/spiffs.a" -l"ti/drivers/lib/drivers_msp432p401x.aem4f" -l"third_party/fatfs/lib/ccs/m4f/fatfs.a" -l"ti/devices/msp432p4xx/driverlib/ccs/msp432p4xx_driverlib.lib" -llibc.a 
<Linking>
'Finished building target: "Lab4_BlinkLED - Polling.out"'
 

**** Build Finished ****

**** Build of configuration Debug for project Lab4_BlinkLED - Interrupts ****

"C:\\ti\\ccs740\\ccsv7\\utils\\bin\\gmake" -k -j 4 all -O 
 
gmake[1]: 'Lab4_BlinkLED - Interrupts.out' is up to date.

**** Build Finished ****

**** Build of configuration Debug for project Lab4_BlinkLED - Interrupts ****

"C:\\ti\\ccs740\\ccsv7\\utils\\bin\\gmake" -k -j 4 all -O 
 
gmake[1]: 'Lab4_BlinkLED - Interrupts.out' is up to date.

**** Build Finished ****

**** Clean-only build of configuration Debug for project Lab4_Accelerometer ****

"C:\\ti\\ccs740\\ccsv7\\utils\\bin\\gmake" -k -j 4 clean -O 
 
DEL /F  "Lab4_Accelerometer.hex"  "Lab4_Accelerometer.out" 
DEL /F "main.obj" "system_msp432p401r.obj" "LcdDriver\Crystalfontz128x128_ST7735.obj" "LcdDriver\HAL_MSP_EXP432P401R_Crystalfontz128x128_ST7735.obj" "ccs\startup_msp432p401r_ccs.obj" 
DEL /F "main.d" "system_msp432p401r.d" "LcdDriver\Crystalfontz128x128_ST7735.d" "LcdDriver\HAL_MSP_EXP432P401R_Crystalfontz128x128_ST7735.d" "ccs\startup_msp432p401r_ccs.d" 
'Finished clean'
 

**** Build Finished ****

**** Build of configuration Debug for project Lab4_Accelerometer ****

"C:\\ti\\ccs740\\ccsv7\\utils\\bin\\gmake" -k -j 4 all -O 
 
'Building file: "../system_msp432p401r.c"'
'Invoking: ARM Compiler'
"C:/ti/ccs740/ccsv7/tools/compiler/ti-cgt-arm_16.9.6.LTS/bin/armcl" -mv7M4 --code_state=16 --float_support=FPv4SPD16 -me --include_path="C:/Cx1106/Labs/Lab4/Lab4_Accelerometer" --include_path="C:/ti/simplelink_msp432p4_sdk_2_20_00_12/source" --include_path="C:/ti/simplelink_msp432p4_sdk_2_20_00_12/source/third_party/CMSIS/Include" --include_path="C:/ti/ccs740/ccsv7/tools/compiler/ti-cgt-arm_16.9.6.LTS/include" --advice:power=none --define=__MSP432P401R__ --define=DeviceFamily_MSP432P401x -g --diag_warning=225 --diag_warning=255 --diag_wrap=off --display_error_number --gen_func_subsections=on --preproc_with_compile --preproc_dependency="system_msp432p401r.d_raw"  "../system_msp432p401r.c"
'Finished building: "../system_msp432p401r.c"'
 
'Building file: "../LcdDriver/HAL_MSP_EXP432P401R_Crystalfontz128x128_ST7735.c"'
'Invoking: ARM Compiler'
"C:/ti/ccs740/ccsv7/tools/compiler/ti-cgt-arm_16.9.6.LTS/bin/armcl" -mv7M4 --code_state=16 --float_support=FPv4SPD16 -me --include_path="C:/Cx1106/Labs/Lab4/Lab4_Accelerometer" --include_path="C:/ti/simplelink_msp432p4_sdk_2_20_00_12/source" --include_path="C:/ti/simplelink_msp432p4_sdk_2_20_00_12/source/third_party/CMSIS/Include" --include_path="C:/ti/ccs740/ccsv7/tools/compiler/ti-cgt-arm_16.9.6.LTS/include" --advice:power=none --define=__MSP432P401R__ --define=DeviceFamily_MSP432P401x -g --diag_warning=225 --diag_warning=255 --diag_wrap=off --display_error_number --gen_func_subsections=on --preproc_with_compile --preproc_dependency="LcdDriver/HAL_MSP_EXP432P401R_Crystalfontz128x128_ST7735.d_raw" --obj_directory="LcdDriver"  "../LcdDriver/HAL_MSP_EXP432P401R_Crystalfontz128x128_ST7735.c"
'Finished building: "../LcdDriver/HAL_MSP_EXP432P401R_Crystalfontz128x128_ST7735.c"'
 
'Building file: "../main.c"'
'Invoking: ARM Compiler'
"C:/ti/ccs740/ccsv7/tools/compiler/ti-cgt-arm_16.9.6.LTS/bin/armcl" -mv7M4 --code_state=16 --float_support=FPv4SPD16 -me --include_path="C:/Cx1106/Labs/Lab4/Lab4_Accelerometer" --include_path="C:/ti/simplelink_msp432p4_sdk_2_20_00_12/source" --include_path="C:/ti/simplelink_msp432p4_sdk_2_20_00_12/source/third_party/CMSIS/Include" --include_path="C:/ti/ccs740/ccsv7/tools/compiler/ti-cgt-arm_16.9.6.LTS/include" --advice:power=none --define=__MSP432P401R__ --define=DeviceFamily_MSP432P401x -g --diag_warning=225 --diag_warning=255 --diag_wrap=off --display_error_number --gen_func_subsections=on --preproc_with_compile --preproc_dependency="main.d_raw"  "../main.c"
'Finished building: "../main.c"'
 
'Building file: "../LcdDriver/Crystalfontz128x128_ST7735.c"'
'Invoking: ARM Compiler'
"C:/ti/ccs740/ccsv7/tools/compiler/ti-cgt-arm_16.9.6.LTS/bin/armcl" -mv7M4 --code_state=16 --float_support=FPv4SPD16 -me --include_path="C:/Cx1106/Labs/Lab4/Lab4_Accelerometer" --include_path="C:/ti/simplelink_msp432p4_sdk_2_20_00_12/source" --include_path="C:/ti/simplelink_msp432p4_sdk_2_20_00_12/source/third_party/CMSIS/Include" --include_path="C:/ti/ccs740/ccsv7/tools/compiler/ti-cgt-arm_16.9.6.LTS/include" --advice:power=none --define=__MSP432P401R__ --define=DeviceFamily_MSP432P401x -g --diag_warning=225 --diag_warning=255 --diag_wrap=off --display_error_number --gen_func_subsections=on --preproc_with_compile --preproc_dependency="LcdDriver/Crystalfontz128x128_ST7735.d_raw" --obj_directory="LcdDriver"  "../LcdDriver/Crystalfontz128x128_ST7735.c"
'Finished building: "../LcdDriver/Crystalfontz128x128_ST7735.c"'
 
'Building file: "../ccs/startup_msp432p401r_ccs.c"'
'Invoking: ARM Compiler'
"C:/ti/ccs740/ccsv7/tools/compiler/ti-cgt-arm_16.9.6.LTS/bin/armcl" -mv7M4 --code_state=16 --float_support=FPv4SPD16 -me --include_path="C:/Cx1106/Labs/Lab4/Lab4_Accelerometer" --include_path="C:/ti/simplelink_msp432p4_sdk_2_20_00_12/source" --include_path="C:/ti/simplelink_msp432p4_sdk_2_20_00_12/source/third_party/CMSIS/Include" --include_path="C:/ti/ccs740/ccsv7/tools/compiler/ti-cgt-arm_16.9.6.LTS/include" --advice:power=none --define=__MSP432P401R__ --define=DeviceFamily_MSP432P401x -g --diag_warning=225 --diag_warning=255 --diag_wrap=off --display_error_number --gen_func_subsections=on --preproc_with_compile --preproc_dependency="ccs/startup_msp432p401r_ccs.d_raw" --obj_directory="ccs"  "../ccs/startup_msp432p401r_ccs.c"
'Finished building: "../ccs/startup_msp432p401r_ccs.c"'
 
'Building target: "Lab4_Accelerometer.out"'
'Invoking: ARM Linker'
"C:/ti/ccs740/ccsv7/tools/compiler/ti-cgt-arm_16.9.6.LTS/bin/armcl" -mv7M4 --code_state=16 --float_support=FPv4SPD16 -me --advice:power=none --define=__MSP432P401R__ --define=DeviceFamily_MSP432P401x -g --diag_warning=225 --diag_warning=255 --diag_wrap=off --display_error_number --gen_func_subsections=on -z -m"Lab4_Accelerometer.map" --stack_size=512 -i"C:/ti/simplelink_msp432p4_sdk_2_20_00_12/source" -i"C:/ti/ccs740/ccsv7/tools/compiler/ti-cgt-arm_16.9.6.LTS/lib" --diag_wrap=off --display_error_number --warn_sections --xml_link_info="Lab4_Accelerometer_linkInfo.xml" --rom_model -o "Lab4_Accelerometer.out" "./main.obj" "./system_msp432p401r.obj" "./LcdDriver/Crystalfontz128x128_ST7735.obj" "./LcdDriver/HAL_MSP_EXP432P401R_Crystalfontz128x128_ST7735.obj" "./ccs/startup_msp432p401r_ccs.obj" "../msp432p401r.cmd"  -l"C:/ti/simplelink_msp432p4_sdk_2_20_00_12/source/ti/grlib/lib/ccs/m4f/grlib.a" -l"ti/display/lib/display.aem4f" -l"ti/grlib/lib/ccs/m4f/grlib.a" -l"third_party/spiffs/lib/ccs/m4f/spiffs.a" -l"ti/drivers/lib/drivers_msp432p401x.aem4f" -l"third_party/fatfs/lib/ccs/m4f/fatfs.a" -l"ti/devices/msp432p4xx/driverlib/ccs/msp432p4xx_driverlib.lib" -llibc.a 
<Linking>
'Finished building target: "Lab4_Accelerometer.out"'
 

**** Build Finished ****

**** Build of configuration Debug for project Lab4_Accelerometer ****

"C:\\ti\\ccs740\\ccsv7\\utils\\bin\\gmake" -k -j 4 all -O 
 
gmake[1]: 'Lab4_Accelerometer.out' is up to date.

**** Build Finished ****

**** Clean-only build of configuration Debug for project Lab4_Accelerometer ****

"C:\\ti\\ccs740\\ccsv7\\utils\\bin\\gmake" -k -j 4 clean -O 
 
DEL /F  "Lab4_Accelerometer.hex"  "Lab4_Accelerometer.out" 
DEL /F "main.obj" "system_msp432p401r.obj" "LcdDriver\Crystalfontz128x128_ST7735.obj" "LcdDriver\HAL_MSP_EXP432P401R_Crystalfontz128x128_ST7735.obj" "ccs\startup_msp432p401r_ccs.obj" 
DEL /F "main.d" "system_msp432p401r.d" "LcdDriver\Crystalfontz128x128_ST7735.d" "LcdDriver\HAL_MSP_EXP432P401R_Crystalfontz128x128_ST7735.d" "ccs\startup_msp432p401r_ccs.d" 
'Finished clean'
 

**** Build Finished ****

**** Build of configuration Debug for project Lab4_Accelerometer ****

"C:\\ti\\ccs740\\ccsv7\\utils\\bin\\gmake" -k -j 4 all -O 
 
'Building file: "../system_msp432p401r.c"'
'Invoking: ARM Compiler'
"C:/ti/ccs740/ccsv7/tools/compiler/ti-cgt-arm_16.9.6.LTS/bin/armcl" -mv7M4 --code_state=16 --float_support=FPv4SPD16 -me --include_path="C:/Cx1106/Labs/Lab4/Lab4_Accelerometer" --include_path="C:/ti/simplelink_msp432p4_sdk_2_20_00_12/source" --include_path="C:/ti/simplelink_msp432p4_sdk_2_20_00_12/source/third_party/CMSIS/Include" --include_path="C:/ti/ccs740/ccsv7/tools/compiler/ti-cgt-arm_16.9.6.LTS/include" --advice:power=none --define=__MSP432P401R__ --define=DeviceFamily_MSP432P401x -g --diag_warning=225 --diag_warning=255 --diag_wrap=off --display_error_number --gen_func_subsections=on --preproc_with_compile --preproc_dependency="system_msp432p401r.d_raw"  "../system_msp432p401r.c"
'Finished building: "../system_msp432p401r.c"'
 
'Building file: "../main.c"'
'Invoking: ARM Compiler'
"C:/ti/ccs740/ccsv7/tools/compiler/ti-cgt-arm_16.9.6.LTS/bin/armcl" -mv7M4 --code_state=16 --float_support=FPv4SPD16 -me --include_path="C:/Cx1106/Labs/Lab4/Lab4_Accelerometer" --include_path="C:/ti/simplelink_msp432p4_sdk_2_20_00_12/source" --include_path="C:/ti/simplelink_msp432p4_sdk_2_20_00_12/source/third_party/CMSIS/Include" --include_path="C:/ti/ccs740/ccsv7/tools/compiler/ti-cgt-arm_16.9.6.LTS/include" --advice:power=none --define=__MSP432P401R__ --define=DeviceFamily_MSP432P401x -g --diag_warning=225 --diag_warning=255 --diag_wrap=off --display_error_number --gen_func_subsections=on --preproc_with_compile --preproc_dependency="main.d_raw"  "../main.c"
'Finished building: "../main.c"'
 
'Building file: "../LcdDriver/HAL_MSP_EXP432P401R_Crystalfontz128x128_ST7735.c"'
'Invoking: ARM Compiler'
"C:/ti/ccs740/ccsv7/tools/compiler/ti-cgt-arm_16.9.6.LTS/bin/armcl" -mv7M4 --code_state=16 --float_support=FPv4SPD16 -me --include_path="C:/Cx1106/Labs/Lab4/Lab4_Accelerometer" --include_path="C:/ti/simplelink_msp432p4_sdk_2_20_00_12/source" --include_path="C:/ti/simplelink_msp432p4_sdk_2_20_00_12/source/third_party/CMSIS/Include" --include_path="C:/ti/ccs740/ccsv7/tools/compiler/ti-cgt-arm_16.9.6.LTS/include" --advice:power=none --define=__MSP432P401R__ --define=DeviceFamily_MSP432P401x -g --diag_warning=225 --diag_warning=255 --diag_wrap=off --display_error_number --gen_func_subsections=on --preproc_with_compile --preproc_dependency="LcdDriver/HAL_MSP_EXP432P401R_Crystalfontz128x128_ST7735.d_raw" --obj_directory="LcdDriver"  "../LcdDriver/HAL_MSP_EXP432P401R_Crystalfontz128x128_ST7735.c"
'Finished building: "../LcdDriver/HAL_MSP_EXP432P401R_Crystalfontz128x128_ST7735.c"'
 
'Building file: "../LcdDriver/Crystalfontz128x128_ST7735.c"'
'Invoking: ARM Compiler'
"C:/ti/ccs740/ccsv7/tools/compiler/ti-cgt-arm_16.9.6.LTS/bin/armcl" -mv7M4 --code_state=16 --float_support=FPv4SPD16 -me --include_path="C:/Cx1106/Labs/Lab4/Lab4_Accelerometer" --include_path="C:/ti/simplelink_msp432p4_sdk_2_20_00_12/source" --include_path="C:/ti/simplelink_msp432p4_sdk_2_20_00_12/source/third_party/CMSIS/Include" --include_path="C:/ti/ccs740/ccsv7/tools/compiler/ti-cgt-arm_16.9.6.LTS/include" --advice:power=none --define=__MSP432P401R__ --define=DeviceFamily_MSP432P401x -g --diag_warning=225 --diag_warning=255 --diag_wrap=off --display_error_number --gen_func_subsections=on --preproc_with_compile --preproc_dependency="LcdDriver/Crystalfontz128x128_ST7735.d_raw" --obj_directory="LcdDriver"  "../LcdDriver/Crystalfontz128x128_ST7735.c"
'Finished building: "../LcdDriver/Crystalfontz128x128_ST7735.c"'
 
'Building file: "../ccs/startup_msp432p401r_ccs.c"'
'Invoking: ARM Compiler'
"C:/ti/ccs740/ccsv7/tools/compiler/ti-cgt-arm_16.9.6.LTS/bin/armcl" -mv7M4 --code_state=16 --float_support=FPv4SPD16 -me --include_path="C:/Cx1106/Labs/Lab4/Lab4_Accelerometer" --include_path="C:/ti/simplelink_msp432p4_sdk_2_20_00_12/source" --include_path="C:/ti/simplelink_msp432p4_sdk_2_20_00_12/source/third_party/CMSIS/Include" --include_path="C:/ti/ccs740/ccsv7/tools/compiler/ti-cgt-arm_16.9.6.LTS/include" --advice:power=none --define=__MSP432P401R__ --define=DeviceFamily_MSP432P401x -g --diag_warning=225 --diag_warning=255 --diag_wrap=off --display_error_number --gen_func_subsections=on --preproc_with_compile --preproc_dependency="ccs/startup_msp432p401r_ccs.d_raw" --obj_directory="ccs"  "../ccs/startup_msp432p401r_ccs.c"
'Finished building: "../ccs/startup_msp432p401r_ccs.c"'
 
'Building target: "Lab4_Accelerometer.out"'
'Invoking: ARM Linker'
"C:/ti/ccs740/ccsv7/tools/compiler/ti-cgt-arm_16.9.6.LTS/bin/armcl" -mv7M4 --code_state=16 --float_support=FPv4SPD16 -me --advice:power=none --define=__MSP432P401R__ --define=DeviceFamily_MSP432P401x -g --diag_warning=225 --diag_warning=255 --diag_wrap=off --display_error_number --gen_func_subsections=on -z -m"Lab4_Accelerometer.map" --stack_size=512 -i"C:/ti/simplelink_msp432p4_sdk_2_20_00_12/source" -i"C:/ti/ccs740/ccsv7/tools/compiler/ti-cgt-arm_16.9.6.LTS/lib" --diag_wrap=off --display_error_number --warn_sections --xml_link_info="Lab4_Accelerometer_linkInfo.xml" --rom_model -o "Lab4_Accelerometer.out" "./main.obj" "./system_msp432p401r.obj" "./LcdDriver/Crystalfontz128x128_ST7735.obj" "./LcdDriver/HAL_MSP_EXP432P401R_Crystalfontz128x128_ST7735.obj" "./ccs/startup_msp432p401r_ccs.obj" "../msp432p401r.cmd"  -l"C:/ti/simplelink_msp432p4_sdk_2_20_00_12/source/ti/grlib/lib/ccs/m4f/grlib.a" -l"ti/display/lib/display.aem4f" -l"ti/grlib/lib/ccs/m4f/grlib.a" -l"third_party/spiffs/lib/ccs/m4f/spiffs.a" -l"ti/drivers/lib/drivers_msp432p401x.aem4f" -l"third_party/fatfs/lib/ccs/m4f/fatfs.a" -l"ti/devices/msp432p4xx/driverlib/ccs/msp432p4xx_driverlib.lib" -llibc.a 
<Linking>
'Finished building target: "Lab4_Accelerometer.out"'
 

**** Build Finished ****

**** Clean-only build of configuration Debug for project Lab4_Optional_LightSensor ****

"C:\\ti\\ccs740\\ccsv7\\utils\\bin\\gmake" -k -j 4 clean -O 
 
DEL /F  "Lab4_Optional_LightSensor.hex"  "Lab4_Optional_LightSensor.out" 
DEL /F "HAL_I2C.obj" "HAL_OPT3001.obj" "main.obj" "system_msp432p401r.obj" "LcdDriver\Crystalfontz128x128_ST7735.obj" "LcdDriver\HAL_MSP_EXP432P401R_Crystalfontz128x128_ST7735.obj" "ccs\startup_msp432p401r_ccs.obj" 
DEL /F "HAL_I2C.d" "HAL_OPT3001.d" "main.d" "system_msp432p401r.d" "LcdDriver\Crystalfontz128x128_ST7735.d" "LcdDriver\HAL_MSP_EXP432P401R_Crystalfontz128x128_ST7735.d" "ccs\startup_msp432p401r_ccs.d" 
'Finished clean'
 

**** Build Finished ****

**** Clean-only build of configuration Debug for project Lab4_Optional_Mic_FFT ****

"C:\\ti\\ccs740\\ccsv7\\utils\\bin\\gmake" -k -j 4 clean -O 
 
DEL /F  "Lab4_Optional_Mic_FFT.hex"  "Lab4_Optional_Mic_FFT.out" 
DEL /F "main.obj" "system_msp432p401r.obj" "LcdDriver\Crystalfontz128x128_ST7735.obj" "LcdDriver\HAL_MSP_EXP432P401R_Crystalfontz128x128_ST7735.obj" "ccs\startup_msp432p401r_ccs.obj" 
DEL /F "main.d" "system_msp432p401r.d" "LcdDriver\Crystalfontz128x128_ST7735.d" "LcdDriver\HAL_MSP_EXP432P401R_Crystalfontz128x128_ST7735.d" "ccs\startup_msp432p401r_ccs.d" 
'Finished clean'
 

**** Build Finished ****

**** Clean-only build of configuration Debug for project Lab4_Optional_Temperature ****

"C:\\ti\\ccs740\\ccsv7\\utils\\bin\\gmake" -k -j 4 clean -O 
 
DEL /F  "Lab4_Optional_Temperature.hex"  "Lab4_Optional_Temperature.out" 
DEL /F "HAL_I2C.obj" "HAL_TMP006.obj" "main.obj" "system_msp432p401r.obj" "LcdDriver\Crystalfontz128x128_ST7735.obj" "LcdDriver\HAL_MSP_EXP432P401R_Crystalfontz128x128_ST7735.obj" "ccs\startup_msp432p401r_ccs.obj" 
DEL /F "HAL_I2C.d" "HAL_TMP006.d" "main.d" "system_msp432p401r.d" "LcdDriver\Crystalfontz128x128_ST7735.d" "LcdDriver\HAL_MSP_EXP432P401R_Crystalfontz128x128_ST7735.d" "ccs\startup_msp432p401r_ccs.d" 
'Finished clean'
 

**** Build Finished ****

**** Clean-only build of configuration Debug for project Lab4_Optional_LightSensor ****

"C:\\ti\\ccs740\\ccsv7\\utils\\bin\\gmake" -k -j 4 clean -O 
 
DEL /F  "Lab4_Optional_LightSensor.hex"  "Lab4_Optional_LightSensor.out" 
DEL /F "HAL_I2C.obj" "HAL_OPT3001.obj" "main.obj" "system_msp432p401r.obj" "LcdDriver\Crystalfontz128x128_ST7735.obj" "LcdDriver\HAL_MSP_EXP432P401R_Crystalfontz128x128_ST7735.obj" "ccs\startup_msp432p401r_ccs.obj" 
DEL /F "HAL_I2C.d" "HAL_OPT3001.d" "main.d" "system_msp432p401r.d" "LcdDriver\Crystalfontz128x128_ST7735.d" "LcdDriver\HAL_MSP_EXP432P401R_Crystalfontz128x128_ST7735.d" "ccs\startup_msp432p401r_ccs.d" 
Could Not Find C:\Cx1106\Labs\Lab4\Lab4_Optional_LightSensor\Debug\Lab4_Optional_LightSensor.hex
Could Not Find C:\Cx1106\Labs\Lab4\Lab4_Optional_LightSensor\Debug\HAL_I2C.obj
Could Not Find C:\Cx1106\Labs\Lab4\Lab4_Optional_LightSensor\Debug\LcdDriver\Crystalfontz128x128_ST7735.obj
Could Not Find C:\Cx1106\Labs\Lab4\Lab4_Optional_LightSensor\Debug\ccs\startup_msp432p401r_ccs.obj
Could Not Find C:\Cx1106\Labs\Lab4\Lab4_Optional_LightSensor\Debug\HAL_I2C.d
Could Not Find C:\Cx1106\Labs\Lab4\Lab4_Optional_LightSensor\Debug\LcdDriver\Crystalfontz128x128_ST7735.d
Could Not Find C:\Cx1106\Labs\Lab4\Lab4_Optional_LightSensor\Debug\ccs\startup_msp432p401r_ccs.d
'Finished clean'
 

**** Build Finished ****

**** Build of configuration Debug for project Lab4_Optional_LightSensor ****

"C:\\ti\\ccs740\\ccsv7\\utils\\bin\\gmake" -k -j 4 all -O 
 
'Building file: "../HAL_I2C.c"'
'Invoking: ARM Compiler'
"C:/ti/ccs740/ccsv7/tools/compiler/ti-cgt-arm_16.9.6.LTS/bin/armcl" -mv7M4 --code_state=16 --float_support=FPv4SPD16 -me --include_path="C:/Cx1106/Labs/Lab4/Lab4_Optional_LightSensor" --include_path="C:/ti/simplelink_msp432p4_sdk_2_20_00_12/source" --include_path="C:/ti/simplelink_msp432p4_sdk_2_20_00_12/source/third_party/CMSIS/Include" --include_path="C:/ti/ccs740/ccsv7/tools/compiler/ti-cgt-arm_16.9.6.LTS/include" --advice:power=none --define=__MSP432P401R__ --define=DeviceFamily_MSP432P401x -g --diag_warning=225 --diag_warning=255 --diag_wrap=off --display_error_number --gen_func_subsections=on --preproc_with_compile --preproc_dependency="HAL_I2C.d_raw"  "../HAL_I2C.c"
'Finished building: "../HAL_I2C.c"'
 
'Building file: "../HAL_OPT3001.c"'
'Invoking: ARM Compiler'
"C:/ti/ccs740/ccsv7/tools/compiler/ti-cgt-arm_16.9.6.LTS/bin/armcl" -mv7M4 --code_state=16 --float_support=FPv4SPD16 -me --include_path="C:/Cx1106/Labs/Lab4/Lab4_Optional_LightSensor" --include_path="C:/ti/simplelink_msp432p4_sdk_2_20_00_12/source" --include_path="C:/ti/simplelink_msp432p4_sdk_2_20_00_12/source/third_party/CMSIS/Include" --include_path="C:/ti/ccs740/ccsv7/tools/compiler/ti-cgt-arm_16.9.6.LTS/include" --advice:power=none --define=__MSP432P401R__ --define=DeviceFamily_MSP432P401x -g --diag_warning=225 --diag_warning=255 --diag_wrap=off --display_error_number --gen_func_subsections=on --preproc_with_compile --preproc_dependency="HAL_OPT3001.d_raw"  "../HAL_OPT3001.c"
'Finished building: "../HAL_OPT3001.c"'
 
'Building file: "../main.c"'
'Invoking: ARM Compiler'
"C:/ti/ccs740/ccsv7/tools/compiler/ti-cgt-arm_16.9.6.LTS/bin/armcl" -mv7M4 --code_state=16 --float_support=FPv4SPD16 -me --include_path="C:/Cx1106/Labs/Lab4/Lab4_Optional_LightSensor" --include_path="C:/ti/simplelink_msp432p4_sdk_2_20_00_12/source" --include_path="C:/ti/simplelink_msp432p4_sdk_2_20_00_12/source/third_party/CMSIS/Include" --include_path="C:/ti/ccs740/ccsv7/tools/compiler/ti-cgt-arm_16.9.6.LTS/include" --advice:power=none --define=__MSP432P401R__ --define=DeviceFamily_MSP432P401x -g --diag_warning=225 --diag_warning=255 --diag_wrap=off --display_error_number --gen_func_subsections=on --preproc_with_compile --preproc_dependency="main.d_raw"  "../main.c"
'Finished building: "../main.c"'
 
'Building file: "../system_msp432p401r.c"'
'Invoking: ARM Compiler'
"C:/ti/ccs740/ccsv7/tools/compiler/ti-cgt-arm_16.9.6.LTS/bin/armcl" -mv7M4 --code_state=16 --float_support=FPv4SPD16 -me --include_path="C:/Cx1106/Labs/Lab4/Lab4_Optional_LightSensor" --include_path="C:/ti/simplelink_msp432p4_sdk_2_20_00_12/source" --include_path="C:/ti/simplelink_msp432p4_sdk_2_20_00_12/source/third_party/CMSIS/Include" --include_path="C:/ti/ccs740/ccsv7/tools/compiler/ti-cgt-arm_16.9.6.LTS/include" --advice:power=none --define=__MSP432P401R__ --define=DeviceFamily_MSP432P401x -g --diag_warning=225 --diag_warning=255 --diag_wrap=off --display_error_number --gen_func_subsections=on --preproc_with_compile --preproc_dependency="system_msp432p401r.d_raw"  "../system_msp432p401r.c"
'Finished building: "../system_msp432p401r.c"'
 
'Building file: "../ccs/startup_msp432p401r_ccs.c"'
'Invoking: ARM Compiler'
"C:/ti/ccs740/ccsv7/tools/compiler/ti-cgt-arm_16.9.6.LTS/bin/armcl" -mv7M4 --code_state=16 --float_support=FPv4SPD16 -me --include_path="C:/Cx1106/Labs/Lab4/Lab4_Optional_LightSensor" --include_path="C:/ti/simplelink_msp432p4_sdk_2_20_00_12/source" --include_path="C:/ti/simplelink_msp432p4_sdk_2_20_00_12/source/third_party/CMSIS/Include" --include_path="C:/ti/ccs740/ccsv7/tools/compiler/ti-cgt-arm_16.9.6.LTS/include" --advice:power=none --define=__MSP432P401R__ --define=DeviceFamily_MSP432P401x -g --diag_warning=225 --diag_warning=255 --diag_wrap=off --display_error_number --gen_func_subsections=on --preproc_with_compile --preproc_dependency="ccs/startup_msp432p401r_ccs.d_raw" --obj_directory="ccs"  "../ccs/startup_msp432p401r_ccs.c"
'Finished building: "../ccs/startup_msp432p401r_ccs.c"'
 
'Building file: "../LcdDriver/HAL_MSP_EXP432P401R_Crystalfontz128x128_ST7735.c"'
'Invoking: ARM Compiler'
"C:/ti/ccs740/ccsv7/tools/compiler/ti-cgt-arm_16.9.6.LTS/bin/armcl" -mv7M4 --code_state=16 --float_support=FPv4SPD16 -me --include_path="C:/Cx1106/Labs/Lab4/Lab4_Optional_LightSensor" --include_path="C:/ti/simplelink_msp432p4_sdk_2_20_00_12/source" --include_path="C:/ti/simplelink_msp432p4_sdk_2_20_00_12/source/third_party/CMSIS/Include" --include_path="C:/ti/ccs740/ccsv7/tools/compiler/ti-cgt-arm_16.9.6.LTS/include" --advice:power=none --define=__MSP432P401R__ --define=DeviceFamily_MSP432P401x -g --diag_warning=225 --diag_warning=255 --diag_wrap=off --display_error_number --gen_func_subsections=on --preproc_with_compile --preproc_dependency="LcdDriver/HAL_MSP_EXP432P401R_Crystalfontz128x128_ST7735.d_raw" --obj_directory="LcdDriver"  "../LcdDriver/HAL_MSP_EXP432P401R_Crystalfontz128x128_ST7735.c"
'Finished building: "../LcdDriver/HAL_MSP_EXP432P401R_Crystalfontz128x128_ST7735.c"'
 
'Building file: "../LcdDriver/Crystalfontz128x128_ST7735.c"'
'Invoking: ARM Compiler'
"C:/ti/ccs740/ccsv7/tools/compiler/ti-cgt-arm_16.9.6.LTS/bin/armcl" -mv7M4 --code_state=16 --float_support=FPv4SPD16 -me --include_path="C:/Cx1106/Labs/Lab4/Lab4_Optional_LightSensor" --include_path="C:/ti/simplelink_msp432p4_sdk_2_20_00_12/source" --include_path="C:/ti/simplelink_msp432p4_sdk_2_20_00_12/source/third_party/CMSIS/Include" --include_path="C:/ti/ccs740/ccsv7/tools/compiler/ti-cgt-arm_16.9.6.LTS/include" --advice:power=none --define=__MSP432P401R__ --define=DeviceFamily_MSP432P401x -g --diag_warning=225 --diag_warning=255 --diag_wrap=off --display_error_number --gen_func_subsections=on --preproc_with_compile --preproc_dependency="LcdDriver/Crystalfontz128x128_ST7735.d_raw" --obj_directory="LcdDriver"  "../LcdDriver/Crystalfontz128x128_ST7735.c"
'Finished building: "../LcdDriver/Crystalfontz128x128_ST7735.c"'
 
'Building target: "Lab4_Optional_LightSensor.out"'
'Invoking: ARM Linker'
"C:/ti/ccs740/ccsv7/tools/compiler/ti-cgt-arm_16.9.6.LTS/bin/armcl" -mv7M4 --code_state=16 --float_support=FPv4SPD16 -me --advice:power=none --define=__MSP432P401R__ --define=DeviceFamily_MSP432P401x -g --diag_warning=225 --diag_warning=255 --diag_wrap=off --display_error_number --gen_func_subsections=on -z -m"Lab4_Optional_LightSensor.map" --stack_size=512 -i"C:/ti/simplelink_msp432p4_sdk_2_20_00_12/source" -i"C:/ti/ccs740/ccsv7/tools/compiler/ti-cgt-arm_16.9.6.LTS/lib" --diag_wrap=off --display_error_number --warn_sections --xml_link_info="Lab4_Optional_LightSensor_linkInfo.xml" --rom_model -o "Lab4_Optional_LightSensor.out" "./HAL_I2C.obj" "./HAL_OPT3001.obj" "./main.obj" "./system_msp432p401r.obj" "./LcdDriver/Crystalfontz128x128_ST7735.obj" "./LcdDriver/HAL_MSP_EXP432P401R_Crystalfontz128x128_ST7735.obj" "./ccs/startup_msp432p401r_ccs.obj" "../msp432p401r.cmd"  -l"C:/ti/simplelink_msp432p4_sdk_2_20_00_12/source/ti/grlib/lib/ccs/m4f/grlib.a" -l"ti/display/lib/display.aem4f" -l"ti/grlib/lib/ccs/m4f/grlib.a" -l"third_party/spiffs/lib/ccs/m4f/spiffs.a" -l"ti/drivers/lib/drivers_msp432p401x.aem4f" -l"third_party/fatfs/lib/ccs/m4f/fatfs.a" -l"ti/devices/msp432p4xx/driverlib/ccs/msp432p4xx_driverlib.lib" -llibc.a 
<Linking>
'Finished building target: "Lab4_Optional_LightSensor.out"'
 

**** Build Finished ****

**** Clean-only build of configuration Debug for project Lab4_Optional_Mic_FFT ****

"C:\\ti\\ccs740\\ccsv7\\utils\\bin\\gmake" -k -j 4 clean -O 
 
DEL /F  "Lab4_Optional_Mic_FFT.hex"  "Lab4_Optional_Mic_FFT.out" 
DEL /F "main.obj" "system_msp432p401r.obj" "LcdDriver\Crystalfontz128x128_ST7735.obj" "LcdDriver\HAL_MSP_EXP432P401R_Crystalfontz128x128_ST7735.obj" "ccs\startup_msp432p401r_ccs.obj" 
DEL /F "main.d" "system_msp432p401r.d" "LcdDriver\Crystalfontz128x128_ST7735.d" "LcdDriver\HAL_MSP_EXP432P401R_Crystalfontz128x128_ST7735.d" "ccs\startup_msp432p401r_ccs.d" 
Could Not Find C:\Cx1106\Labs\Lab4\Lab4_Optional_Mic_FFT\Debug\Lab4_Optional_Mic_FFT.hex
Could Not Find C:\Cx1106\Labs\Lab4\Lab4_Optional_Mic_FFT\Debug\main.obj
Could Not Find C:\Cx1106\Labs\Lab4\Lab4_Optional_Mic_FFT\Debug\LcdDriver\Crystalfontz128x128_ST7735.obj
Could Not Find C:\Cx1106\Labs\Lab4\Lab4_Optional_Mic_FFT\Debug\ccs\startup_msp432p401r_ccs.obj
Could Not Find C:\Cx1106\Labs\Lab4\Lab4_Optional_Mic_FFT\Debug\main.d
Could Not Find C:\Cx1106\Labs\Lab4\Lab4_Optional_Mic_FFT\Debug\LcdDriver\Crystalfontz128x128_ST7735.d
Could Not Find C:\Cx1106\Labs\Lab4\Lab4_Optional_Mic_FFT\Debug\ccs\startup_msp432p401r_ccs.d
'Finished clean'
 

**** Build Finished ****

**** Build of configuration Debug for project Lab4_Optional_Mic_FFT ****

"C:\\ti\\ccs740\\ccsv7\\utils\\bin\\gmake" -k -j 4 all -O 
 
'Building file: "../system_msp432p401r.c"'
'Invoking: ARM Compiler'
"C:/ti/ccs740/ccsv7/tools/compiler/ti-cgt-arm_16.9.6.LTS/bin/armcl" -mv7M4 --code_state=16 --float_support=FPv4SPD16 -me --include_path="C:/Cx1106/Labs/Lab4/Lab4_Optional_Mic_FFT" --include_path="C:/ti/simplelink_msp432p4_sdk_2_20_00_12/source" --include_path="C:/ti/simplelink_msp432p4_sdk_2_20_00_12/source/third_party/CMSIS/Include" --include_path="C:/ti/ccs740/ccsv7/tools/compiler/ti-cgt-arm_16.9.6.LTS/include" --advice:power=none --define=ARM_MATH_CM4 --define=__FPU_PRESENT=1 --define=__MSP432P401R__ --define=DeviceFamily_MSP432P401x -g --diag_warning=225 --diag_warning=255 --diag_wrap=off --display_error_number --gen_func_subsections=on --preproc_with_compile --preproc_dependency="system_msp432p401r.d_raw"  "../system_msp432p401r.c"
'Finished building: "../system_msp432p401r.c"'
 
'Building file: "../LcdDriver/HAL_MSP_EXP432P401R_Crystalfontz128x128_ST7735.c"'
'Invoking: ARM Compiler'
"C:/ti/ccs740/ccsv7/tools/compiler/ti-cgt-arm_16.9.6.LTS/bin/armcl" -mv7M4 --code_state=16 --float_support=FPv4SPD16 -me --include_path="C:/Cx1106/Labs/Lab4/Lab4_Optional_Mic_FFT" --include_path="C:/ti/simplelink_msp432p4_sdk_2_20_00_12/source" --include_path="C:/ti/simplelink_msp432p4_sdk_2_20_00_12/source/third_party/CMSIS/Include" --include_path="C:/ti/ccs740/ccsv7/tools/compiler/ti-cgt-arm_16.9.6.LTS/include" --advice:power=none --define=ARM_MATH_CM4 --define=__FPU_PRESENT=1 --define=__MSP432P401R__ --define=DeviceFamily_MSP432P401x -g --diag_warning=225 --diag_warning=255 --diag_wrap=off --display_error_number --gen_func_subsections=on --preproc_with_compile --preproc_dependency="LcdDriver/HAL_MSP_EXP432P401R_Crystalfontz128x128_ST7735.d_raw" --obj_directory="LcdDriver"  "../LcdDriver/HAL_MSP_EXP432P401R_Crystalfontz128x128_ST7735.c"
'Finished building: "../LcdDriver/HAL_MSP_EXP432P401R_Crystalfontz128x128_ST7735.c"'
 
'Building file: "../LcdDriver/Crystalfontz128x128_ST7735.c"'
'Invoking: ARM Compiler'
"C:/ti/ccs740/ccsv7/tools/compiler/ti-cgt-arm_16.9.6.LTS/bin/armcl" -mv7M4 --code_state=16 --float_support=FPv4SPD16 -me --include_path="C:/Cx1106/Labs/Lab4/Lab4_Optional_Mic_FFT" --include_path="C:/ti/simplelink_msp432p4_sdk_2_20_00_12/source" --include_path="C:/ti/simplelink_msp432p4_sdk_2_20_00_12/source/third_party/CMSIS/Include" --include_path="C:/ti/ccs740/ccsv7/tools/compiler/ti-cgt-arm_16.9.6.LTS/include" --advice:power=none --define=ARM_MATH_CM4 --define=__FPU_PRESENT=1 --define=__MSP432P401R__ --define=DeviceFamily_MSP432P401x -g --diag_warning=225 --diag_warning=255 --diag_wrap=off --display_error_number --gen_func_subsections=on --preproc_with_compile --preproc_dependency="LcdDriver/Crystalfontz128x128_ST7735.d_raw" --obj_directory="LcdDriver"  "../LcdDriver/Crystalfontz128x128_ST7735.c"
'Finished building: "../LcdDriver/Crystalfontz128x128_ST7735.c"'
 
'Building file: "../main.c"'
'Invoking: ARM Compiler'
"C:/ti/ccs740/ccsv7/tools/compiler/ti-cgt-arm_16.9.6.LTS/bin/armcl" -mv7M4 --code_state=16 --float_support=FPv4SPD16 -me --include_path="C:/Cx1106/Labs/Lab4/Lab4_Optional_Mic_FFT" --include_path="C:/ti/simplelink_msp432p4_sdk_2_20_00_12/source" --include_path="C:/ti/simplelink_msp432p4_sdk_2_20_00_12/source/third_party/CMSIS/Include" --include_path="C:/ti/ccs740/ccsv7/tools/compiler/ti-cgt-arm_16.9.6.LTS/include" --advice:power=none --define=ARM_MATH_CM4 --define=__FPU_PRESENT=1 --define=__MSP432P401R__ --define=DeviceFamily_MSP432P401x -g --diag_warning=225 --diag_warning=255 --diag_wrap=off --display_error_number --gen_func_subsections=on --preproc_with_compile --preproc_dependency="main.d_raw"  "../main.c"
'Finished building: "../main.c"'
 
'Building file: "../ccs/startup_msp432p401r_ccs.c"'
'Invoking: ARM Compiler'
"C:/ti/ccs740/ccsv7/tools/compiler/ti-cgt-arm_16.9.6.LTS/bin/armcl" -mv7M4 --code_state=16 --float_support=FPv4SPD16 -me --include_path="C:/Cx1106/Labs/Lab4/Lab4_Optional_Mic_FFT" --include_path="C:/ti/simplelink_msp432p4_sdk_2_20_00_12/source" --include_path="C:/ti/simplelink_msp432p4_sdk_2_20_00_12/source/third_party/CMSIS/Include" --include_path="C:/ti/ccs740/ccsv7/tools/compiler/ti-cgt-arm_16.9.6.LTS/include" --advice:power=none --define=ARM_MATH_CM4 --define=__FPU_PRESENT=1 --define=__MSP432P401R__ --define=DeviceFamily_MSP432P401x -g --diag_warning=225 --diag_warning=255 --diag_wrap=off --display_error_number --gen_func_subsections=on --preproc_with_compile --preproc_dependency="ccs/startup_msp432p401r_ccs.d_raw" --obj_directory="ccs"  "../ccs/startup_msp432p401r_ccs.c"
'Finished building: "../ccs/startup_msp432p401r_ccs.c"'
 
'Building target: "Lab4_Optional_Mic_FFT.out"'
'Invoking: ARM Linker'
"C:/ti/ccs740/ccsv7/tools/compiler/ti-cgt-arm_16.9.6.LTS/bin/armcl" -mv7M4 --code_state=16 --float_support=FPv4SPD16 -me --advice:power=none --define=ARM_MATH_CM4 --define=__FPU_PRESENT=1 --define=__MSP432P401R__ --define=DeviceFamily_MSP432P401x -g --diag_warning=225 --diag_warning=255 --diag_wrap=off --display_error_number --gen_func_subsections=on -z -m"Lab4_Optional_Mic_FFT.map" --stack_size=512 -i"C:/ti/simplelink_msp432p4_sdk_2_20_00_12/source" -i"C:/ti/ccs740/ccsv7/tools/compiler/ti-cgt-arm_16.9.6.LTS/lib" --diag_wrap=off --display_error_number --warn_sections --xml_link_info="Lab4_Optional_Mic_FFT_linkInfo.xml" --rom_model -o "Lab4_Optional_Mic_FFT.out" "./main.obj" "./system_msp432p401r.obj" "./LcdDriver/Crystalfontz128x128_ST7735.obj" "./LcdDriver/HAL_MSP_EXP432P401R_Crystalfontz128x128_ST7735.obj" "./ccs/startup_msp432p401r_ccs.obj" "../msp432p401r.cmd"  -l"C:/ti/simplelink_msp432p4_sdk_2_20_00_12/source/ti/grlib/lib/ccs/m4f/grlib.a" -l"C:/ti/simplelink_msp432p4_sdk_2_20_00_12/source/third_party/CMSIS/DSP_Lib/lib/ccs/m4f/arm_cortexM4lf_math.a" -l"ti/display/lib/display.aem4f" -l"ti/grlib/lib/ccs/m4f/grlib.a" -l"third_party/spiffs/lib/ccs/m4f/spiffs.a" -l"ti/drivers/lib/drivers_msp432p401x.aem4f" -l"third_party/fatfs/lib/ccs/m4f/fatfs.a" -l"ti/devices/msp432p4xx/driverlib/ccs/msp432p4xx_driverlib.lib" -llibc.a 
<Linking>
'Finished building target: "Lab4_Optional_Mic_FFT.out"'
 

**** Build Finished ****

**** Clean-only build of configuration Debug for project Lab4_Optional_Temperature ****

"C:\\ti\\ccs740\\ccsv7\\utils\\bin\\gmake" -k -j 4 clean -O 
 
DEL /F  "Lab4_Optional_Temperature.hex"  "Lab4_Optional_Temperature.out" 
DEL /F "HAL_I2C.obj" "HAL_TMP006.obj" "main.obj" "system_msp432p401r.obj" "LcdDriver\Crystalfontz128x128_ST7735.obj" "LcdDriver\HAL_MSP_EXP432P401R_Crystalfontz128x128_ST7735.obj" "ccs\startup_msp432p401r_ccs.obj" 
DEL /F "HAL_I2C.d" "HAL_TMP006.d" "main.d" "system_msp432p401r.d" "LcdDriver\Crystalfontz128x128_ST7735.d" "LcdDriver\HAL_MSP_EXP432P401R_Crystalfontz128x128_ST7735.d" "ccs\startup_msp432p401r_ccs.d" 
Could Not Find C:\Cx1106\Labs\Lab4\Lab4_Optional_Temperature\Debug\Lab4_Optional_Temperature.hex
Could Not Find C:\Cx1106\Labs\Lab4\Lab4_Optional_Temperature\Debug\HAL_I2C.obj
Could Not Find C:\Cx1106\Labs\Lab4\Lab4_Optional_Temperature\Debug\LcdDriver\Crystalfontz128x128_ST7735.obj
Could Not Find C:\Cx1106\Labs\Lab4\Lab4_Optional_Temperature\Debug\ccs\startup_msp432p401r_ccs.obj
Could Not Find C:\Cx1106\Labs\Lab4\Lab4_Optional_Temperature\Debug\HAL_I2C.d
Could Not Find C:\Cx1106\Labs\Lab4\Lab4_Optional_Temperature\Debug\LcdDriver\Crystalfontz128x128_ST7735.d
Could Not Find C:\Cx1106\Labs\Lab4\Lab4_Optional_Temperature\Debug\ccs\startup_msp432p401r_ccs.d
'Finished clean'
 

**** Build Finished ****

**** Build of configuration Debug for project Lab4_Optional_Temperature ****

"C:\\ti\\ccs740\\ccsv7\\utils\\bin\\gmake" -k -j 4 all -O 
 
'Building file: "../main.c"'
'Invoking: ARM Compiler'
"C:/ti/ccs740/ccsv7/tools/compiler/ti-cgt-arm_16.9.6.LTS/bin/armcl" -mv7M4 --code_state=16 --float_support=FPv4SPD16 -me --include_path="C:/Cx1106/Labs/Lab4/Lab4_Optional_Temperature" --include_path="C:/ti/simplelink_msp432p4_sdk_2_20_00_12/source" --include_path="C:/ti/simplelink_msp432p4_sdk_2_20_00_12/source/third_party/CMSIS/Include" --include_path="C:/ti/ccs740/ccsv7/tools/compiler/ti-cgt-arm_16.9.6.LTS/include" --advice:power=none --define=__MSP432P401R__ --define=DeviceFamily_MSP432P401x -g --diag_warning=225 --diag_warning=255 --diag_wrap=off --display_error_number --gen_func_subsections=on --preproc_with_compile --preproc_dependency="main.d_raw"  "../main.c"
'Finished building: "../main.c"'
 
'Building file: "../HAL_I2C.c"'
'Invoking: ARM Compiler'
"C:/ti/ccs740/ccsv7/tools/compiler/ti-cgt-arm_16.9.6.LTS/bin/armcl" -mv7M4 --code_state=16 --float_support=FPv4SPD16 -me --include_path="C:/Cx1106/Labs/Lab4/Lab4_Optional_Temperature" --include_path="C:/ti/simplelink_msp432p4_sdk_2_20_00_12/source" --include_path="C:/ti/simplelink_msp432p4_sdk_2_20_00_12/source/third_party/CMSIS/Include" --include_path="C:/ti/ccs740/ccsv7/tools/compiler/ti-cgt-arm_16.9.6.LTS/include" --advice:power=none --define=__MSP432P401R__ --define=DeviceFamily_MSP432P401x -g --diag_warning=225 --diag_warning=255 --diag_wrap=off --display_error_number --gen_func_subsections=on --preproc_with_compile --preproc_dependency="HAL_I2C.d_raw"  "../HAL_I2C.c"
'Finished building: "../HAL_I2C.c"'
 
'Building file: "../system_msp432p401r.c"'
'Invoking: ARM Compiler'
"C:/ti/ccs740/ccsv7/tools/compiler/ti-cgt-arm_16.9.6.LTS/bin/armcl" -mv7M4 --code_state=16 --float_support=FPv4SPD16 -me --include_path="C:/Cx1106/Labs/Lab4/Lab4_Optional_Temperature" --include_path="C:/ti/simplelink_msp432p4_sdk_2_20_00_12/source" --include_path="C:/ti/simplelink_msp432p4_sdk_2_20_00_12/source/third_party/CMSIS/Include" --include_path="C:/ti/ccs740/ccsv7/tools/compiler/ti-cgt-arm_16.9.6.LTS/include" --advice:power=none --define=__MSP432P401R__ --define=DeviceFamily_MSP432P401x -g --diag_warning=225 --diag_warning=255 --diag_wrap=off --display_error_number --gen_func_subsections=on --preproc_with_compile --preproc_dependency="system_msp432p401r.d_raw"  "../system_msp432p401r.c"
'Finished building: "../system_msp432p401r.c"'
 
'Building file: "../HAL_TMP006.c"'
'Invoking: ARM Compiler'
"C:/ti/ccs740/ccsv7/tools/compiler/ti-cgt-arm_16.9.6.LTS/bin/armcl" -mv7M4 --code_state=16 --float_support=FPv4SPD16 -me --include_path="C:/Cx1106/Labs/Lab4/Lab4_Optional_Temperature" --include_path="C:/ti/simplelink_msp432p4_sdk_2_20_00_12/source" --include_path="C:/ti/simplelink_msp432p4_sdk_2_20_00_12/source/third_party/CMSIS/Include" --include_path="C:/ti/ccs740/ccsv7/tools/compiler/ti-cgt-arm_16.9.6.LTS/include" --advice:power=none --define=__MSP432P401R__ --define=DeviceFamily_MSP432P401x -g --diag_warning=225 --diag_warning=255 --diag_wrap=off --display_error_number --gen_func_subsections=on --preproc_with_compile --preproc_dependency="HAL_TMP006.d_raw"  "../HAL_TMP006.c"
'Finished building: "../HAL_TMP006.c"'
 
'Building file: "../ccs/startup_msp432p401r_ccs.c"'
'Invoking: ARM Compiler'
"C:/ti/ccs740/ccsv7/tools/compiler/ti-cgt-arm_16.9.6.LTS/bin/armcl" -mv7M4 --code_state=16 --float_support=FPv4SPD16 -me --include_path="C:/Cx1106/Labs/Lab4/Lab4_Optional_Temperature" --include_path="C:/ti/simplelink_msp432p4_sdk_2_20_00_12/source" --include_path="C:/ti/simplelink_msp432p4_sdk_2_20_00_12/source/third_party/CMSIS/Include" --include_path="C:/ti/ccs740/ccsv7/tools/compiler/ti-cgt-arm_16.9.6.LTS/include" --advice:power=none --define=__MSP432P401R__ --define=DeviceFamily_MSP432P401x -g --diag_warning=225 --diag_warning=255 --diag_wrap=off --display_error_number --gen_func_subsections=on --preproc_with_compile --preproc_dependency="ccs/startup_msp432p401r_ccs.d_raw" --obj_directory="ccs"  "../ccs/startup_msp432p401r_ccs.c"
'Finished building: "../ccs/startup_msp432p401r_ccs.c"'
 
'Building file: "../LcdDriver/HAL_MSP_EXP432P401R_Crystalfontz128x128_ST7735.c"'
'Invoking: ARM Compiler'
"C:/ti/ccs740/ccsv7/tools/compiler/ti-cgt-arm_16.9.6.LTS/bin/armcl" -mv7M4 --code_state=16 --float_support=FPv4SPD16 -me --include_path="C:/Cx1106/Labs/Lab4/Lab4_Optional_Temperature" --include_path="C:/ti/simplelink_msp432p4_sdk_2_20_00_12/source" --include_path="C:/ti/simplelink_msp432p4_sdk_2_20_00_12/source/third_party/CMSIS/Include" --include_path="C:/ti/ccs740/ccsv7/tools/compiler/ti-cgt-arm_16.9.6.LTS/include" --advice:power=none --define=__MSP432P401R__ --define=DeviceFamily_MSP432P401x -g --diag_warning=225 --diag_warning=255 --diag_wrap=off --display_error_number --gen_func_subsections=on --preproc_with_compile --preproc_dependency="LcdDriver/HAL_MSP_EXP432P401R_Crystalfontz128x128_ST7735.d_raw" --obj_directory="LcdDriver"  "../LcdDriver/HAL_MSP_EXP432P401R_Crystalfontz128x128_ST7735.c"
'Finished building: "../LcdDriver/HAL_MSP_EXP432P401R_Crystalfontz128x128_ST7735.c"'
 
'Building file: "../LcdDriver/Crystalfontz128x128_ST7735.c"'
'Invoking: ARM Compiler'
"C:/ti/ccs740/ccsv7/tools/compiler/ti-cgt-arm_16.9.6.LTS/bin/armcl" -mv7M4 --code_state=16 --float_support=FPv4SPD16 -me --include_path="C:/Cx1106/Labs/Lab4/Lab4_Optional_Temperature" --include_path="C:/ti/simplelink_msp432p4_sdk_2_20_00_12/source" --include_path="C:/ti/simplelink_msp432p4_sdk_2_20_00_12/source/third_party/CMSIS/Include" --include_path="C:/ti/ccs740/ccsv7/tools/compiler/ti-cgt-arm_16.9.6.LTS/include" --advice:power=none --define=__MSP432P401R__ --define=DeviceFamily_MSP432P401x -g --diag_warning=225 --diag_warning=255 --diag_wrap=off --display_error_number --gen_func_subsections=on --preproc_with_compile --preproc_dependency="LcdDriver/Crystalfontz128x128_ST7735.d_raw" --obj_directory="LcdDriver"  "../LcdDriver/Crystalfontz128x128_ST7735.c"
'Finished building: "../LcdDriver/Crystalfontz128x128_ST7735.c"'
 
'Building target: "Lab4_Optional_Temperature.out"'
'Invoking: ARM Linker'
"C:/ti/ccs740/ccsv7/tools/compiler/ti-cgt-arm_16.9.6.LTS/bin/armcl" -mv7M4 --code_state=16 --float_support=FPv4SPD16 -me --advice:power=none --define=__MSP432P401R__ --define=DeviceFamily_MSP432P401x -g --diag_warning=225 --diag_warning=255 --diag_wrap=off --display_error_number --gen_func_subsections=on -z -m"Lab4_Optional_Temperature.map" --stack_size=512 -i"C:/ti/simplelink_msp432p4_sdk_2_20_00_12/source" -i"C:/ti/ccs740/ccsv7/tools/compiler/ti-cgt-arm_16.9.6.LTS/lib" --diag_wrap=off --display_error_number --warn_sections --xml_link_info="Lab4_Optional_Temperature_linkInfo.xml" --rom_model -o "Lab4_Optional_Temperature.out" "./HAL_I2C.obj" "./HAL_TMP006.obj" "./main.obj" "./system_msp432p401r.obj" "./LcdDriver/Crystalfontz128x128_ST7735.obj" "./LcdDriver/HAL_MSP_EXP432P401R_Crystalfontz128x128_ST7735.obj" "./ccs/startup_msp432p401r_ccs.obj" "../msp432p401r.cmd"  -l"C:/ti/simplelink_msp432p4_sdk_2_20_00_12/source/ti/grlib/lib/ccs/m4f/grlib.a" -l"ti/display/lib/display.aem4f" -l"ti/grlib/lib/ccs/m4f/grlib.a" -l"third_party/spiffs/lib/ccs/m4f/spiffs.a" -l"ti/drivers/lib/drivers_msp432p401x.aem4f" -l"third_party/fatfs/lib/ccs/m4f/fatfs.a" -l"ti/devices/msp432p4xx/driverlib/ccs/msp432p4xx_driverlib.lib" -llibc.a 
<Linking>
'Finished building target: "Lab4_Optional_Temperature.out"'
 

**** Build Finished ****

**** Build of configuration Debug for project Lab4_Accelerometer ****

"C:\\ti\\ccs740\\ccsv7\\utils\\bin\\gmake" -k -j 4 all -O 
 
gmake[1]: 'Lab4_Accelerometer.out' is up to date.

**** Build Finished ****

**** Build of configuration Debug for project Lab4_BlinkLED ****

"C:\\ti\\ccs740\\ccsv7\\utils\\bin\\gmake" -k -j 4 all -O 
 
gmake[1]: 'Lab4_BlinkLED.out' is up to date.

**** Build Finished ****
