
**** Build of configuration Debug for project Lab4_BlinkLED - Polling ****

"C:\\ti\\ccs740\\ccsv7\\utils\\bin\\gmake" -k -j 4 all -O 
 
'Building file: "../ccs/startup_msp432p401r_ccs.c"'
'Invoking: ARM Compiler'
"C:/ti/ccs740/ccsv7/tools/compiler/ti-cgt-arm_16.9.6.LTS/bin/armcl" -mv7M4 --code_state=16 --float_support=FPv4SPD16 -me --include_path="C:/Cx1106/Labs/Lab4/Lab4_BlinkLED - Polling" --include_path="C:/ti/simplelink_msp432p4_sdk_2_20_00_12/source" --include_path="C:/ti/simplelink_msp432p4_sdk_2_20_00_12/source/third_party/CMSIS/Include" --include_path="C:/ti/ccs740/ccsv7/tools/compiler/ti-cgt-arm_16.9.6.LTS/include" --advice:power=none --define=__MSP432P401R__ --define=DeviceFamily_MSP432P401x -g --diag_warning=225 --diag_warning=255 --diag_wrap=off --display_error_number --gen_func_subsections=on --preproc_with_compile --preproc_dependency="ccs/startup_msp432p401r_ccs.d_raw" --obj_directory="ccs"  "../ccs/startup_msp432p401r_ccs.c"
'Finished building: "../ccs/startup_msp432p401r_ccs.c"'
 
'Building file: "../main-Polling.c"'
'Invoking: ARM Compiler'
"C:/ti/ccs740/ccsv7/tools/compiler/ti-cgt-arm_16.9.6.LTS/bin/armcl" -mv7M4 --code_state=16 --float_support=FPv4SPD16 -me --include_path="C:/Cx1106/Labs/Lab4/Lab4_BlinkLED - Polling" --include_path="C:/ti/simplelink_msp432p4_sdk_2_20_00_12/source" --include_path="C:/ti/simplelink_msp432p4_sdk_2_20_00_12/source/third_party/CMSIS/Include" --include_path="C:/ti/ccs740/ccsv7/tools/compiler/ti-cgt-arm_16.9.6.LTS/include" --advice:power=none --define=__MSP432P401R__ --define=DeviceFamily_MSP432P401x -g --diag_warning=225 --diag_warning=255 --diag_wrap=off --display_error_number --gen_func_subsections=on --preproc_with_compile --preproc_dependency="main-Polling.d_raw"  "../main-Polling.c"
'Finished building: "../main-Polling.c"'
 
'Building file: "../system_msp432p401r.c"'
'Invoking: ARM Compiler'
"C:/ti/ccs740/ccsv7/tools/compiler/ti-cgt-arm_16.9.6.LTS/bin/armcl" -mv7M4 --code_state=16 --float_support=FPv4SPD16 -me --include_path="C:/Cx1106/Labs/Lab4/Lab4_BlinkLED - Polling" --include_path="C:/ti/simplelink_msp432p4_sdk_2_20_00_12/source" --include_path="C:/ti/simplelink_msp432p4_sdk_2_20_00_12/source/third_party/CMSIS/Include" --include_path="C:/ti/ccs740/ccsv7/tools/compiler/ti-cgt-arm_16.9.6.LTS/include" --advice:power=none --define=__MSP432P401R__ --define=DeviceFamily_MSP432P401x -g --diag_warning=225 --diag_warning=255 --diag_wrap=off --display_error_number --gen_func_subsections=on --preproc_with_compile --preproc_dependency="system_msp432p401r.d_raw"  "../system_msp432p401r.c"
'Finished building: "../system_msp432p401r.c"'
 
'Building target: "Lab4_BlinkLED - Polling.out"'
'Invoking: ARM Linker'
"C:/ti/ccs740/ccsv7/tools/compiler/ti-cgt-arm_16.9.6.LTS/bin/armcl" -mv7M4 --code_state=16 --float_support=FPv4SPD16 -me --advice:power=none --define=__MSP432P401R__ --define=DeviceFamily_MSP432P401x -g --diag_warning=225 --diag_warning=255 --diag_wrap=off --display_error_number --gen_func_subsections=on -z -m"Lab4_BlinkLED - Polling.map" --stack_size=512 -i"C:/ti/simplelink_msp432p4_sdk_2_20_00_12/source" -i"C:/ti/ccs740/ccsv7/tools/compiler/ti-cgt-arm_16.9.6.LTS/lib" --diag_wrap=off --display_error_number --warn_sections --xml_link_info="Lab4_BlinkLED - Polling_linkInfo.xml" --rom_model -o "Lab4_BlinkLED - Polling.out" "./main-Polling.obj" "./system_msp432p401r.obj" "./ccs/startup_msp432p401r_ccs.obj" "../msp432p401r.cmd"  -l"ti/display/lib/display.aem4f" -l"ti/grlib/lib/ccs/m4f/grlib.a" -l"third_party/spiffs/lib/ccs/m4f/spiffs.a" -l"ti/drivers/lib/drivers_msp432p401x.aem4f" -l"third_party/fatfs/lib/ccs/m4f/fatfs.a" -l"ti/devices/msp432p4xx/driverlib/ccs/msp432p4xx_driverlib.lib" -llibc.a 
<Linking>
'Finished building target: "Lab4_BlinkLED - Polling.out"'
 

**** Build Finished ****
